<?xml version="1.0" encoding="UTF-8"?>
<testsuite name="bookmarks.BookmarkRestControllerTest" tests="4" skipped="0" failures="0" errors="0" timestamp="2015-02-22T11:56:52" hostname="Pavels-MBP.lan" time="0.297">
  <properties/>
  <testcase name="createBookmark" classname="bookmarks.BookmarkRestControllerTest" time="0.215"/>
  <testcase name="readBookmarks" classname="bookmarks.BookmarkRestControllerTest" time="0.05"/>
  <testcase name="userNotFound" classname="bookmarks.BookmarkRestControllerTest" time="0.013"/>
  <testcase name="readSingleBookmark" classname="bookmarks.BookmarkRestControllerTest" time="0.016"/>
  <system-out><![CDATA[12:56:49.281 [Test worker] DEBUG o.s.t.c.j.SpringJUnit4ClassRunner - SpringJUnit4ClassRunner constructor called with [class bookmarks.BookmarkRestControllerTest].
12:56:49.296 [Test worker] DEBUG o.s.test.context.BootstrapUtils - Instantiating TestContextBootstrapper from class [org.springframework.test.context.web.WebTestContextBootstrapper]
12:56:49.308 [Test worker] DEBUG o.s.t.c.w.WebTestContextBootstrapper - Found explicit ContextLoader class [org.springframework.boot.test.SpringApplicationContextLoader] for context configuration attributes [ContextConfigurationAttributes@176a755f declaringClass = 'bookmarks.BookmarkRestControllerTest', classes = '{class bookmarks.Application}', locations = '{}', inheritLocations = true, initializers = '{}', inheritInitializers = true, name = [null], contextLoaderClass = 'org.springframework.boot.test.SpringApplicationContextLoader']
12:56:49.311 [Test worker] DEBUG o.s.t.c.support.ActiveProfilesUtils - Could not find an 'annotation declaring class' for annotation type [org.springframework.test.context.ActiveProfiles] and class [bookmarks.BookmarkRestControllerTest]
12:56:49.314 [Test worker] DEBUG o.s.t.c.w.WebTestContextBootstrapper - @TestExecutionListeners is not present for class [bookmarks.BookmarkRestControllerTest]: using defaults.
12:56:49.320 [Test worker] INFO  o.s.t.c.w.WebTestContextBootstrapper - Loaded default TestExecutionListener class names from location [META-INF/spring.factories]: [org.springframework.test.context.web.ServletTestExecutionListener, org.springframework.test.context.support.DependencyInjectionTestExecutionListener, org.springframework.test.context.support.DirtiesContextTestExecutionListener, org.springframework.test.context.transaction.TransactionalTestExecutionListener, org.springframework.test.context.jdbc.SqlScriptsTestExecutionListener]
12:56:49.332 [Test worker] INFO  o.s.t.c.w.WebTestContextBootstrapper - Using TestExecutionListeners: [org.springframework.test.context.web.ServletTestExecutionListener@2f2ed952, org.springframework.test.context.support.DependencyInjectionTestExecutionListener@3db1876b, org.springframework.test.context.support.DirtiesContextTestExecutionListener@5af2ea86, org.springframework.test.context.transaction.TransactionalTestExecutionListener@35d8d566, org.springframework.test.context.jdbc.SqlScriptsTestExecutionListener@6c656ec6]
12:56:49.333 [Test worker] DEBUG o.s.t.annotation.ProfileValueUtils - Retrieved @ProfileValueSourceConfiguration [null] for test class [bookmarks.BookmarkRestControllerTest]
12:56:49.334 [Test worker] DEBUG o.s.t.annotation.ProfileValueUtils - Retrieved ProfileValueSource type [class org.springframework.test.annotation.SystemProfileValueSource] for class [bookmarks.BookmarkRestControllerTest]
12:56:49.336 [Test worker] DEBUG o.s.t.annotation.ProfileValueUtils - Retrieved @ProfileValueSourceConfiguration [null] for test class [bookmarks.BookmarkRestControllerTest]
12:56:49.336 [Test worker] DEBUG o.s.t.annotation.ProfileValueUtils - Retrieved ProfileValueSource type [class org.springframework.test.annotation.SystemProfileValueSource] for class [bookmarks.BookmarkRestControllerTest]
12:56:49.336 [Test worker] DEBUG o.s.t.annotation.ProfileValueUtils - Retrieved @ProfileValueSourceConfiguration [null] for test class [bookmarks.BookmarkRestControllerTest]
12:56:49.336 [Test worker] DEBUG o.s.t.annotation.ProfileValueUtils - Retrieved ProfileValueSource type [class org.springframework.test.annotation.SystemProfileValueSource] for class [bookmarks.BookmarkRestControllerTest]
12:56:49.337 [Test worker] DEBUG o.s.t.annotation.ProfileValueUtils - Retrieved @ProfileValueSourceConfiguration [null] for test class [bookmarks.BookmarkRestControllerTest]
12:56:49.338 [Test worker] DEBUG o.s.t.annotation.ProfileValueUtils - Retrieved ProfileValueSource type [class org.springframework.test.annotation.SystemProfileValueSource] for class [bookmarks.BookmarkRestControllerTest]
12:56:49.389 [Test worker] DEBUG o.s.core.env.StandardEnvironment - Adding [systemProperties] PropertySource with lowest search precedence
12:56:49.390 [Test worker] DEBUG o.s.core.env.StandardEnvironment - Adding [systemEnvironment] PropertySource with lowest search precedence
12:56:49.390 [Test worker] DEBUG o.s.core.env.StandardEnvironment - Initialized StandardEnvironment with PropertySources [systemProperties,systemEnvironment]
12:56:49.391 [Test worker] DEBUG o.s.core.env.StandardEnvironment - Adding [integrationTest] PropertySource with search precedence immediately lower than [systemEnvironment]

  .   ____          _            __ _ _
 /\\ / ___'_ __ _ _(_)_ __  __ _ \ \ \ \
( ( )\___ | '_ | '_| | '_ \/ _` | \ \ \ \
 \\/  ___)| |_)| | | | | || (_| |  ) ) ) )
  '  |____| .__|_| |_|_| |_\__, | / / / /
 =========|_|==============|___/=/_/_/_/
 :: Spring Boot ::        (v1.2.1.RELEASE)

2015-02-22 12:56:49.500  INFO 34928 --- [    Test worker] o.s.boot.SpringApplication               : Starting application on Pavels-MBP.lan with PID 34928 (/Users/pavelrozenblioum1/.gradle/caches/modules-2/files-2.1/org.springframework.boot/spring-boot/1.2.1.RELEASE/efe81809343f4fca576ea872eb6a269599ebb1d0/spring-boot-1.2.1.RELEASE.jar started by pavelrozenblioum1 in /Users/pavelrozenblioum1/Temp/lab/rest)
2015-02-22 12:56:49.538  INFO 34928 --- [    Test worker] o.s.w.c.s.GenericWebApplicationContext   : Refreshing org.springframework.web.context.support.GenericWebApplicationContext@5efd1539: startup date [Sun Feb 22 12:56:49 CET 2015]; root of context hierarchy
2015-02-22 12:56:49.869  INFO 34928 --- [    Test worker] o.s.b.f.s.DefaultListableBeanFactory     : Overriding bean definition for bean 'beanNameViewResolver': replacing [Root bean: class [null]; scope=; abstract=false; lazyInit=false; autowireMode=3; dependencyCheck=0; autowireCandidate=true; primary=false; factoryBeanName=org.springframework.boot.autoconfigure.web.ErrorMvcAutoConfiguration$WhitelabelErrorViewConfiguration; factoryMethodName=beanNameViewResolver; initMethodName=null; destroyMethodName=(inferred); defined in class path resource [org/springframework/boot/autoconfigure/web/ErrorMvcAutoConfiguration$WhitelabelErrorViewConfiguration.class]] with [Root bean: class [null]; scope=; abstract=false; lazyInit=false; autowireMode=3; dependencyCheck=0; autowireCandidate=true; primary=false; factoryBeanName=org.springframework.boot.autoconfigure.web.WebMvcAutoConfiguration$WebMvcAutoConfigurationAdapter; factoryMethodName=beanNameViewResolver; initMethodName=null; destroyMethodName=(inferred); defined in class path resource [org/springframework/boot/autoconfigure/web/WebMvcAutoConfiguration$WebMvcAutoConfigurationAdapter.class]]
2015-02-22 12:56:50.230  INFO 34928 --- [    Test worker] trationDelegate$BeanPostProcessorChecker : Bean 'org.springframework.transaction.annotation.ProxyTransactionManagementConfiguration' of type [class org.springframework.transaction.annotation.ProxyTransactionManagementConfiguration$$EnhancerBySpringCGLIB$$a3330dbc] is not eligible for getting processed by all BeanPostProcessors (for example: not eligible for auto-proxying)
2015-02-22 12:56:50.242  INFO 34928 --- [    Test worker] trationDelegate$BeanPostProcessorChecker : Bean 'transactionAttributeSource' of type [class org.springframework.transaction.annotation.AnnotationTransactionAttributeSource] is not eligible for getting processed by all BeanPostProcessors (for example: not eligible for auto-proxying)
2015-02-22 12:56:50.248  INFO 34928 --- [    Test worker] trationDelegate$BeanPostProcessorChecker : Bean 'transactionInterceptor' of type [class org.springframework.transaction.interceptor.TransactionInterceptor] is not eligible for getting processed by all BeanPostProcessors (for example: not eligible for auto-proxying)
2015-02-22 12:56:50.252  INFO 34928 --- [    Test worker] trationDelegate$BeanPostProcessorChecker : Bean 'org.springframework.transaction.config.internalTransactionAdvisor' of type [class org.springframework.transaction.interceptor.BeanFactoryTransactionAttributeSourceAdvisor] is not eligible for getting processed by all BeanPostProcessors (for example: not eligible for auto-proxying)
2015-02-22 12:56:50.623  INFO 34928 --- [    Test worker] j.LocalContainerEntityManagerFactoryBean : Building JPA container EntityManagerFactory for persistence unit 'default'
2015-02-22 12:56:50.637  INFO 34928 --- [    Test worker] o.hibernate.jpa.internal.util.LogHelper  : HHH000204: Processing PersistenceUnitInfo [
	name: default
	...]
2015-02-22 12:56:50.683  INFO 34928 --- [    Test worker] org.hibernate.Version                    : HHH000412: Hibernate Core {4.3.7.Final}
2015-02-22 12:56:50.684  INFO 34928 --- [    Test worker] org.hibernate.cfg.Environment            : HHH000206: hibernate.properties not found
2015-02-22 12:56:50.685  INFO 34928 --- [    Test worker] org.hibernate.cfg.Environment            : HHH000021: Bytecode provider name : javassist
2015-02-22 12:56:50.798  INFO 34928 --- [    Test worker] o.hibernate.annotations.common.Version   : HCANN000001: Hibernate Commons Annotations {4.0.5.Final}
2015-02-22 12:56:50.851  INFO 34928 --- [    Test worker] org.hibernate.dialect.Dialect            : HHH000400: Using dialect: org.hibernate.dialect.H2Dialect
2015-02-22 12:56:50.939  INFO 34928 --- [    Test worker] o.h.h.i.ast.ASTQueryTranslatorFactory    : HHH000397: Using ASTQueryTranslatorFactory
2015-02-22 12:56:51.132  INFO 34928 --- [    Test worker] org.hibernate.tool.hbm2ddl.SchemaExport  : HHH000227: Running hbm2ddl schema export
2015-02-22 12:56:51.133 ERROR 34928 --- [    Test worker] org.hibernate.tool.hbm2ddl.SchemaExport  : HHH000389: Unsuccessful: alter table bookmark drop constraint FK_ciq1mimxer8m8fgvhduurri89 if exists
2015-02-22 12:56:51.134 ERROR 34928 --- [    Test worker] org.hibernate.tool.hbm2ddl.SchemaExport  : Table "BOOKMARK" not found; SQL statement:
alter table bookmark drop constraint FK_ciq1mimxer8m8fgvhduurri89 if exists [42102-183]
2015-02-22 12:56:51.148  INFO 34928 --- [    Test worker] org.hibernate.tool.hbm2ddl.SchemaExport  : HHH000230: Schema export complete
2015-02-22 12:56:51.825  INFO 34928 --- [    Test worker] s.w.s.m.m.a.RequestMappingHandlerAdapter : Looking for @ControllerAdvice: org.springframework.web.context.support.GenericWebApplicationContext@5efd1539: startup date [Sun Feb 22 12:56:49 CET 2015]; root of context hierarchy
2015-02-22 12:56:51.863  INFO 34928 --- [    Test worker] s.w.s.m.m.a.RequestMappingHandlerMapping : Mapped "{[/{userId}/bookmarks],methods=[POST],params=[],headers=[],consumes=[],produces=[],custom=[]}" onto org.springframework.http.ResponseEntity<?> bookmarks.BookmarksRestController.add(java.lang.String,bookmarks.Bookmark)
2015-02-22 12:56:51.864  INFO 34928 --- [    Test worker] s.w.s.m.m.a.RequestMappingHandlerMapping : Mapped "{[/{userId}/bookmarks],methods=[GET],params=[],headers=[],consumes=[],produces=[],custom=[]}" onto java.util.Collection<bookmarks.Bookmark> bookmarks.BookmarksRestController.readBookmarks(java.lang.String)
2015-02-22 12:56:51.864  INFO 34928 --- [    Test worker] s.w.s.m.m.a.RequestMappingHandlerMapping : Mapped "{[/{userId}/bookmarks/{bookmarkId}],methods=[GET],params=[],headers=[],consumes=[],produces=[],custom=[]}" onto bookmarks.Bookmark bookmarks.BookmarksRestController.readBookmark(java.lang.String,java.lang.Long)
2015-02-22 12:56:51.865  INFO 34928 --- [    Test worker] s.w.s.m.m.a.RequestMappingHandlerMapping : Mapped "{[/error],methods=[],params=[],headers=[],consumes=[],produces=[],custom=[]}" onto public org.springframework.http.ResponseEntity<java.util.Map<java.lang.String, java.lang.Object>> org.springframework.boot.autoconfigure.web.BasicErrorController.error(javax.servlet.http.HttpServletRequest)
2015-02-22 12:56:51.865  INFO 34928 --- [    Test worker] s.w.s.m.m.a.RequestMappingHandlerMapping : Mapped "{[/error],methods=[],params=[],headers=[],consumes=[],produces=[text/html],custom=[]}" onto public org.springframework.web.servlet.ModelAndView org.springframework.boot.autoconfigure.web.BasicErrorController.errorHtml(javax.servlet.http.HttpServletRequest)
2015-02-22 12:56:51.884  INFO 34928 --- [    Test worker] o.s.w.s.handler.SimpleUrlHandlerMapping  : Mapped URL path [/webjars/**] onto handler of type [class org.springframework.web.servlet.resource.ResourceHttpRequestHandler]
2015-02-22 12:56:51.884  INFO 34928 --- [    Test worker] o.s.w.s.handler.SimpleUrlHandlerMapping  : Mapped URL path [/**] onto handler of type [class org.springframework.web.servlet.resource.ResourceHttpRequestHandler]
2015-02-22 12:56:51.905  INFO 34928 --- [    Test worker] o.s.w.s.handler.SimpleUrlHandlerMapping  : Mapped URL path [/**/favicon.ico] onto handler of type [class org.springframework.web.servlet.resource.ResourceHttpRequestHandler]
2015-02-22 12:56:52.067  INFO 34928 --- [    Test worker] o.s.boot.SpringApplication               : Started application in 2.671 seconds (JVM running for 3.365)
2015-02-22 12:56:52.090  INFO 34928 --- [    Test worker] o.s.mock.web.MockServletContext          : Initializing Spring FrameworkServlet ''
2015-02-22 12:56:52.090  INFO 34928 --- [    Test worker] o.s.t.web.servlet.TestDispatcherServlet  : FrameworkServlet '': initialization started
2015-02-22 12:56:52.102  INFO 34928 --- [    Test worker] o.s.t.web.servlet.TestDispatcherServlet  : FrameworkServlet '': initialization completed in 12 ms
2015-02-22 12:56:52.301  INFO 34928 --- [    Test worker] o.s.mock.web.MockServletContext          : Initializing Spring FrameworkServlet ''
2015-02-22 12:56:52.301  INFO 34928 --- [    Test worker] o.s.t.web.servlet.TestDispatcherServlet  : FrameworkServlet '': initialization started
2015-02-22 12:56:52.303  INFO 34928 --- [    Test worker] o.s.t.web.servlet.TestDispatcherServlet  : FrameworkServlet '': initialization completed in 1 ms
2015-02-22 12:56:52.352  INFO 34928 --- [    Test worker] o.s.mock.web.MockServletContext          : Initializing Spring FrameworkServlet ''
2015-02-22 12:56:52.352  INFO 34928 --- [    Test worker] o.s.t.web.servlet.TestDispatcherServlet  : FrameworkServlet '': initialization started
2015-02-22 12:56:52.354  INFO 34928 --- [    Test worker] o.s.t.web.servlet.TestDispatcherServlet  : FrameworkServlet '': initialization completed in 2 ms
2015-02-22 12:56:52.366  INFO 34928 --- [    Test worker] o.s.mock.web.MockServletContext          : Initializing Spring FrameworkServlet ''
2015-02-22 12:56:52.366  INFO 34928 --- [    Test worker] o.s.t.web.servlet.TestDispatcherServlet  : FrameworkServlet '': initialization started
2015-02-22 12:56:52.368  INFO 34928 --- [    Test worker] o.s.t.web.servlet.TestDispatcherServlet  : FrameworkServlet '': initialization completed in 2 ms
]]></system-out>
  <system-err><![CDATA[]]></system-err>
</testsuite>
